<?xml version="1.0" encoding="UTF-8"?>
<testsuite xmlns:xsi="http://www.w3.org/2001/XMLSchema-instance" xsi:noNamespaceSchemaLocation="https://maven.apache.org/surefire/maven-surefire-plugin/xsd/surefire-test-report-3.0.xsd" version="3.0" name="com.jokes.remote.rest.CustomRestClientBuilderTest" time="9.294" tests="1" errors="0" skipped="0" failures="0">
  <properties>
[...]
</properties>
  <testcase name="testGreeting" classname="com.jokes.remote.rest.CustomRestClientBuilderTest" time="0.991">
    <system-out><![CDATA[2021-05-25 16:05:43,352 INFO  [io.qua.arc.pro.BeanProcessor] (build-11) Found unrecommended usage of private members (use package-private instead) in application beans:
	- @Inject field com.jokes.remote.rest.CustomRestClientBuilderTest#customRest
2021-05-25 16:05:46,575 INFO  [io.quarkus] (main) Quarkus 1.13.4.Final on JVM started in 3.017s. Listening on: http://localhost:8081
2021-05-25 16:05:46,575 INFO  [io.quarkus] (main) Profile test activated. 
2021-05-25 16:05:46,576 INFO  [io.quarkus] (main) Installed features: [cdi, config-yaml, rest-client, resteasy-jsonb]
Start: com.jokes.remote.properties.JokeBean@5d4e13e1
2021-05-25 16:05:46,624 WARN  [org.jbo.res.res.i18n] (main) RESTEASY002160: Provider instance com.jokes.remote.provider.JokeProvider is already registered.  2nd registration is being ignored.
The bean is: null
Joke: {"categories":[],"created_at":"2020-01-05 13:42:20.841843","icon_url":"https://assets.chucknorris.host/img/avatar/chuck-norris.png","id":"BQgngEsvSnWNSPazjuDo6Q","updated_at":"2020-01-05 13:42:20.841843","url":"https://api.chucknorris.io/jokes/BQgngEsvSnWNSPazjuDo6Q","value":"The Kool-Aid Pitcher Man once burst through Chuck Norris' livingroom wall and said, \"Oh Nooooo!\""}
]]></system-out>
  </testcase>
</testsuite>